<?xml version="1.0" encoding="UTF-8"?>
<!-- Generated by org.testng.reporters.JUnitXMLReporter -->
<testsuite hostname="soneca-Lenovo-Z40-70" name="Lambda Functional Interfaces" tests="2" failures="0" timestamp="26 Jul 2016 22:48:25 GMT" time="0.093" errors="0">
  <testcase name="testA" time="0.068" classname="com.soneca.learn.java8.lambdas.funcionalinterfaces.Main"/>
  <testcase name="testB" time="0.016" classname="com.soneca.learn.java8.lambdas.funcionalinterfaces.Main"/>
</testsuite> <!-- Lambda Functional Interfaces -->
