<?xml version="1.0" encoding="UTF-8"?>
<!-- Generated by org.testng.reporters.JUnitXMLReporter -->
<testsuite hostname="soneca-Lenovo-Z40-70" name="Lambda Functional Interfaces" tests="2" failures="0" timestamp="26 Jul 2016 23:11:54 GMT" time="0.089" errors="0">
  <testcase name="testA" time="0.065" classname="com.soneca.learn.java8.lambdas.funcionalinterfaces.Main"/>
  <testcase name="testB" time="0.014" classname="com.soneca.learn.java8.lambdas.funcionalinterfaces.Main"/>
</testsuite> <!-- Lambda Functional Interfaces -->
