<?xml version="1.0" encoding="UTF-8"?>
<!-- Generated by org.testng.reporters.JUnitXMLReporter -->
<testsuite hostname="soneca-Lenovo-Z40-70" name="Lambda Functional Interfaces" tests="3" failures="0" timestamp="26 Jul 2016 23:10:38 GMT" time="0.104" errors="0">
  <testcase name="forEach" time="0.056" classname="com.soneca.learn.java8.lambdas.collections.Main"/>
  <testcase name="filter" time="0.005" classname="com.soneca.learn.java8.lambdas.collections.Main"/>
  <testcase name="groupBy" time="0.026" classname="com.soneca.learn.java8.lambdas.collections.Main"/>
</testsuite> <!-- Lambda Functional Interfaces -->
