<?xml version="1.0" encoding="UTF-8"?>
<testng-results skipped="0" failed="0" total="2" passed="2">
  <reporter-output>
  </reporter-output>
  <suite name="Suite1" duration-ms="93" started-at="2016-07-26T22:48:25Z" finished-at="2016-07-26T22:48:25Z">
    <groups>
    </groups>
    <test name="Lambda Functional Interfaces" duration-ms="93" started-at="2016-07-26T22:48:25Z" finished-at="2016-07-26T22:48:25Z">
      <class name="com.soneca.learn.java8.lambdas.funcionalinterfaces.Main">
        <test-method status="PASS" signature="testA()[pri:0, instance:com.soneca.learn.java8.lambdas.funcionalinterfaces.Main@16c0663d]" name="testA" duration-ms="68" started-at="2016-07-26T19:48:25Z" finished-at="2016-07-26T19:48:25Z">
          <reporter-output>
          </reporter-output>
        </test-method> <!-- testA -->
        <test-method status="PASS" signature="testB()[pri:0, instance:com.soneca.learn.java8.lambdas.funcionalinterfaces.Main@16c0663d]" name="testB" duration-ms="16" started-at="2016-07-26T19:48:25Z" finished-at="2016-07-26T19:48:25Z">
          <reporter-output>
          </reporter-output>
        </test-method> <!-- testB -->
      </class> <!-- com.soneca.learn.java8.lambdas.funcionalinterfaces.Main -->
    </test> <!-- Lambda Functional Interfaces -->
  </suite> <!-- Suite1 -->
</testng-results>
